<?xml version="1.0" encoding="UTF-8"?>
<!-- Generated by org.testng.reporters.JUnitReportReporter -->
<testsuite hostname="DESKTOP-D3VGBF1" failures="0" tests="1" name="com.hrms.testscripts.TC003_editemp" time="20.285" errors="0" timestamp="17 Oct 2022 06:09:03 GMT">
  <testcase classname="com.hrms.testscripts.TC003_editemp" name="TC003" time="20.285"/>
</testsuite> <!-- com.hrms.testscripts.TC003_editemp -->
