<?xml version="1.0" encoding="UTF-8"?>
<!-- Generated by org.testng.reporters.JUnitReportReporter -->
<testsuite hostname="DESKTOP-D3VGBF1" failures="0" tests="1" name="com.hrms.testscripts.TC002_addemp" time="11.700" errors="0" timestamp="17 Oct 2022 06:09:03 GMT">
  <testcase classname="com.hrms.testscripts.TC002_addemp" name="tc002" time="11.700"/>
</testsuite> <!-- com.hrms.testscripts.TC002_addemp -->
